<?xml version="1.0" encoding="UTF-8"?>
<testsuite xmlns:xsi="http://www.w3.org/2001/XMLSchema-instance" xsi:noNamespaceSchemaLocation="https://maven.apache.org/surefire/maven-surefire-plugin/xsd/surefire-test-report.xsd" name="Runner.WebOrderRegressionRunner" time="27.464" tests="13" errors="0" skipped="0" failures="4">
  <properties>
[...]
</properties>
  <testcase name="Login Functionality Positive Test" classname="WebOrder Login page Test" time="7.205"/>
  <testcase name="Login Functionality Negative Test" classname="WebOrder Login page Test" time="0.364"/>
  <testcase name="Login Functionality Negative Test 1" classname="WebOrder Login page Test" time="0.35"/>
  <testcase name="Login Functionality Negative Test 2" classname="WebOrder Login page Test" time="0.797">
    <failure message="Error Meage Validation expected:&lt;...id Login or Password[]&gt; but was:&lt;...id Login or Password[.]&gt;" type="org.junit.ComparisonFailure"><![CDATA[org.junit.ComparisonFailure: Error Meage Validation expected:<...id Login or Password[]> but was:<...id Login or Password[.]>
]]></failure>
    <system-out><![CDATA[
@smoke @negative
Scenario: Login Functionality Negative Test 2                     &amp#27;[90m# src/test/resources/com.WebOrder/Logintest.feature:24&amp#27;[0m
Login Page Step Class
This one will run before each scenario
Login Functionality Negative Test 2
Before Step Annotation
  &amp#27;[32mGiven &amp#27;[0m&amp#27;[32mthe demoUser enters username &amp#27;[0m&amp#27;[32m&amp#27;[1m"Techtorial"&amp#27;[0m                 &amp#27;[90m# StepDefinitions.com.weborder.LoginPageSteps.the_demoUser_enters_username(java.lang.String)&amp#27;[0m
After Step Annotation
Before Step Annotation
  &amp#27;[32mWhen &amp#27;[0m&amp#27;[32mthe demoUser enters password &amp#27;[0m&amp#27;[32m&amp#27;[1m"tttt"&amp#27;[0m                        &amp#27;[90m# StepDefinitions.com.weborder.LoginPageSteps.the_demoUser_enters_password(java.lang.String)&amp#27;[0m
After Step Annotation
Before Step Annotation
  &amp#27;[32mThen &amp#27;[0m&amp#27;[32mthe demoUser clicks the login Button&amp#27;[0m                       &amp#27;[90m# StepDefinitions.com.weborder.LoginPageSteps.the_demoUser_clicks_the_login_Button()&amp#27;[0m
After Step Annotation
Before Step Annotation
  &amp#27;[31mThen &amp#27;[0m&amp#27;[31mthe demoUser validate the text &amp#27;[0m&amp#27;[31m&amp#27;[1m"Invalid Login or Password"&amp#27;[0m &amp#27;[90m# StepDefinitions.com.weborder.LoginPageSteps.the_demoUser_validate_the_text(java.lang.String)&amp#27;[0m
      &amp#27;[31morg.junit.ComparisonFailure: Error Meage Validation expected:<...id Login or Password[]> but was:<...id Login or Password[.]>
	at org.junit.Assert.assertEquals(Assert.java:117)
	at StepDefinitions.com.weborder.LoginPageSteps.the_demoUser_validate_the_text(LoginPageSteps.java:84)
	at ?.the demoUser validate the text "Invalid Login or Password"(file:///C:/Users/12242/IdeaProjects/CucumberBatch4/src/test/resources/com.WebOrder/Logintest.feature:28)
&amp#27;[0m
After Step Annotation
This one will run after each scenario
failed
]]></system-out>
  </testcase>
  <testcase name="Validate new Order in WebOrder page" classname="New Order validation" time="2.138"/>
  <testcase name="Validate new Order in WebOrder page" classname="New Order validation" time="1.973"/>
  <testcase name="Validate new Order in WebOrder page" classname="New Order validation" time="2"/>
  <testcase name="Validate new Order in WebOrder page" classname="New Order validation" time="2.001"/>
  <testcase name="Validation of new order headers" classname="Validation of headers" time="0.939"/>
  <testcase name="New Order Validation" classname="Validation of New Order using Scenario Outline" time="2.701">
    <failure message="expected:&lt;06/1[7]/2020&gt; but was:&lt;06/1[8]/2020&gt;" type="org.junit.ComparisonFailure"><![CDATA[org.junit.ComparisonFailure: expected:<06/1[7]/2020> but was:<06/1[8]/2020>
]]></failure>
    <system-out><![CDATA[
Scenario Outline: New Order Validation                                                                                                                         &amp#27;[90m# src/test/resources/com.WebOrder/NewOrderOutline.feature:15&amp#27;[0m
Login Page Step Class
This one will run before each scenario
New Order Validation
Before Step Annotation
  &amp#27;[32mGiven &amp#27;[0m&amp#27;[32mthe demoUser enters username &amp#27;[0m&amp#27;[32m&amp#27;[1m"Tester"&amp#27;[0m                                                                                                                  &amp#27;[90m# StepDefinitions.com.weborder.LoginPageSteps.the_demoUser_enters_username(java.lang.String)&amp#27;[0m
After Step Annotation
Before Step Annotation
  &amp#27;[32mWhen &amp#27;[0m&amp#27;[32mthe demoUser enters password &amp#27;[0m&amp#27;[32m&amp#27;[1m"test"&amp#27;[0m                                                                                                                     &amp#27;[90m# StepDefinitions.com.weborder.LoginPageSteps.the_demoUser_enters_password(java.lang.String)&amp#27;[0m
After Step Annotation
Before Step Annotation
  &amp#27;[32mThen &amp#27;[0m&amp#27;[32mthe demoUser clicks the login Button&amp#27;[0m                                                                                                                    &amp#27;[90m# StepDefinitions.com.weborder.LoginPageSteps.the_demoUser_clicks_the_login_Button()&amp#27;[0m
After Step Annotation
Before Step Annotation
  &amp#27;[32mThen &amp#27;[0m&amp#27;[32mthe user enters product info &amp#27;[0m&amp#27;[32m&amp#27;[1m"MyMoney"&amp#27;[0m&amp#27;[32m and &amp#27;[0m&amp#27;[32m&amp#27;[1m"10"&amp#27;[0m                                                                                                         &amp#27;[90m# StepDefinitions.com.weborder.NewOrderSteps.the_user_enters_product_info_and(java.lang.String,java.lang.String)&amp#27;[0m
After Step Annotation
Before Step Annotation
  &amp#27;[32mAnd &amp#27;[0m&amp#27;[32mthe user enter address info &amp#27;[0m&amp#27;[32m&amp#27;[1m"Franklin"&amp#27;[0m&amp#27;[32m, &amp#27;[0m&amp#27;[32m&amp#27;[1m"2200 E Devon"&amp#27;[0m&amp#27;[32m, &amp#27;[0m&amp#27;[32m&amp#27;[1m"Des Plaines"&amp#27;[0m&amp#27;[32m, &amp#27;[0m&amp#27;[32m&amp#27;[1m"Illinois"&amp#27;[0m&amp#27;[32m,&amp#27;[0m&amp#27;[32m&amp#27;[1m"60018"&amp#27;[0m                                                                &amp#27;[90m# StepDefinitions.com.weborder.NewOrderSteps.the_user_enter_address_info(java.lang.String,java.lang.String,java.lang.String,java.lang.String,java.lang.String)&amp#27;[0m
After Step Annotation
Before Step Annotation
  &amp#27;[32m* &amp#27;[0m&amp#27;[32mthe user enters payment info &amp#27;[0m&amp#27;[32m&amp#27;[1m"Visa"&amp#27;[0m&amp#27;[32m, &amp#27;[0m&amp#27;[32m&amp#27;[1m"4444333322221111"&amp#27;[0m&amp#27;[32m, &amp#27;[0m&amp#27;[32m&amp#27;[1m"05/24"&amp#27;[0m                                                                                           &amp#27;[90m# StepDefinitions.com.weborder.NewOrderSteps.the_user_enters_payment_info(java.lang.String,java.lang.String,java.lang.String)&amp#27;[0m
After Step Annotation
Before Step Annotation
  &amp#27;[32mThen &amp#27;[0m&amp#27;[32mthe user validate success message&amp#27;[0m                                                                                                                       &amp#27;[90m# StepDefinitions.com.weborder.NewOrderSteps.the_user_validate_success_message()&amp#27;[0m
After Step Annotation
Before Step Annotation
  &amp#27;[31mAnd &amp#27;[0m&amp#27;[31mthe user validate new order details &amp#27;[0m&amp#27;[31m&amp#27;[1m"MyMoney"&amp#27;[0m&amp#27;[31m, &amp#27;[0m&amp#27;[31m&amp#27;[1m"10"&amp#27;[0m&amp#27;[31m, &amp#27;[0m&amp#27;[31m&amp#27;[1m"Franklin"&amp#27;[0m&amp#27;[31m,  &amp#27;[0m&amp#27;[31m&amp#27;[1m"2200 E Devon"&amp#27;[0m&amp#27;[31m, &amp#27;[0m&amp#27;[31m&amp#27;[1m"Des Plaines"&amp#27;[0m&amp#27;[31m, &amp#27;[0m&amp#27;[31m&amp#27;[1m"Illinois"&amp#27;[0m&amp#27;[31m,&amp#27;[0m&amp#27;[31m&amp#27;[1m"60018"&amp#27;[0m&amp#27;[31m, &amp#27;[0m&amp#27;[31m&amp#27;[1m"Visa"&amp#27;[0m&amp#27;[31m, &amp#27;[0m&amp#27;[31m&amp#27;[1m"4444333322221111"&amp#27;[0m&amp#27;[31m, &amp#27;[0m&amp#27;[31m&amp#27;[1m"05/24"&amp#27;[0m &amp#27;[90m# StepDefinitions.com.weborder.NewOrderSteps.the_user_validate_new_order_details(java.lang.String,java.lang.String,java.lang.String,java.lang.String,java.lang.String,java.lang.String,java.lang.String,java.lang.String,java.lang.String,java.lang.String)&amp#27;[0m
      &amp#27;[31morg.junit.ComparisonFailure: expected:<06/1[7]/2020> but was:<06/1[8]/2020>
	at org.junit.Assert.assertEquals(Assert.java:117)
	at org.junit.Assert.assertEquals(Assert.java:146)
	at StepDefinitions.com.weborder.NewOrderSteps.the_user_validate_new_order_details(NewOrderSteps.java:91)
	at ?.the user validate new order details "MyMoney", "10", "Franklin",  "2200 E Devon", "Des Plaines", "Illinois","60018", "Visa", "4444333322221111", "05/24"(file:///C:/Users/12242/IdeaProjects/CucumberBatch4/src/test/resources/com.WebOrder/NewOrderOutline.feature:11)
&amp#27;[0m
After Step Annotation
This one will run after each scenario
failed
]]></system-out>
  </testcase>
  <testcase name="New Order Validation" classname="Validation of New Order using Scenario Outline" time="2.696">
    <failure message="expected:&lt;06/1[7]/2020&gt; but was:&lt;06/1[8]/2020&gt;" type="org.junit.ComparisonFailure"><![CDATA[org.junit.ComparisonFailure: expected:<06/1[7]/2020> but was:<06/1[8]/2020>
]]></failure>
    <system-out><![CDATA[
Scenario Outline: New Order Validation                                                                                                                           &amp#27;[90m# src/test/resources/com.WebOrder/NewOrderOutline.feature:16&amp#27;[0m
Login Page Step Class
This one will run before each scenario
New Order Validation
Before Step Annotation
  &amp#27;[32mGiven &amp#27;[0m&amp#27;[32mthe demoUser enters username &amp#27;[0m&amp#27;[32m&amp#27;[1m"Tester"&amp#27;[0m                                                                                                                    &amp#27;[90m# StepDefinitions.com.weborder.LoginPageSteps.the_demoUser_enters_username(java.lang.String)&amp#27;[0m
After Step Annotation
Before Step Annotation
  &amp#27;[32mWhen &amp#27;[0m&amp#27;[32mthe demoUser enters password &amp#27;[0m&amp#27;[32m&amp#27;[1m"test"&amp#27;[0m                                                                                                                       &amp#27;[90m# StepDefinitions.com.weborder.LoginPageSteps.the_demoUser_enters_password(java.lang.String)&amp#27;[0m
After Step Annotation
Before Step Annotation
  &amp#27;[32mThen &amp#27;[0m&amp#27;[32mthe demoUser clicks the login Button&amp#27;[0m                                                                                                                      &amp#27;[90m# StepDefinitions.com.weborder.LoginPageSteps.the_demoUser_clicks_the_login_Button()&amp#27;[0m
After Step Annotation
Before Step Annotation
  &amp#27;[32mThen &amp#27;[0m&amp#27;[32mthe user enters product info &amp#27;[0m&amp#27;[32m&amp#27;[1m"FamilyAlbum"&amp#27;[0m&amp#27;[32m and &amp#27;[0m&amp#27;[32m&amp#27;[1m"5"&amp#27;[0m                                                                                                        &amp#27;[90m# StepDefinitions.com.weborder.NewOrderSteps.the_user_enters_product_info_and(java.lang.String,java.lang.String)&amp#27;[0m
After Step Annotation
Before Step Annotation
  &amp#27;[32mAnd &amp#27;[0m&amp#27;[32mthe user enter address info &amp#27;[0m&amp#27;[32m&amp#27;[1m"Kallin"&amp#27;[0m&amp#27;[32m, &amp#27;[0m&amp#27;[32m&amp#27;[1m"2222 E Devon"&amp#27;[0m&amp#27;[32m, &amp#27;[0m&amp#27;[32m&amp#27;[1m"Chicago"&amp#27;[0m&amp#27;[32m, &amp#27;[0m&amp#27;[32m&amp#27;[1m"Arizona"&amp#27;[0m&amp#27;[32m,&amp#27;[0m&amp#27;[32m&amp#27;[1m"50456"&amp#27;[0m                                                                         &amp#27;[90m# StepDefinitions.com.weborder.NewOrderSteps.the_user_enter_address_info(java.lang.String,java.lang.String,java.lang.String,java.lang.String,java.lang.String)&amp#27;[0m
After Step Annotation
Before Step Annotation
  &amp#27;[32m* &amp#27;[0m&amp#27;[32mthe user enters payment info &amp#27;[0m&amp#27;[32m&amp#27;[1m"MasterCard"&amp#27;[0m&amp#27;[32m, &amp#27;[0m&amp#27;[32m&amp#27;[1m"3333222211114444"&amp#27;[0m&amp#27;[32m, &amp#27;[0m&amp#27;[32m&amp#27;[1m"05/27"&amp#27;[0m                                                                                       &amp#27;[90m# StepDefinitions.com.weborder.NewOrderSteps.the_user_enters_payment_info(java.lang.String,java.lang.String,java.lang.String)&amp#27;[0m
After Step Annotation
Before Step Annotation
  &amp#27;[32mThen &amp#27;[0m&amp#27;[32mthe user validate success message&amp#27;[0m                                                                                                                         &amp#27;[90m# StepDefinitions.com.weborder.NewOrderSteps.the_user_validate_success_message()&amp#27;[0m
After Step Annotation
Before Step Annotation
  &amp#27;[31mAnd &amp#27;[0m&amp#27;[31mthe user validate new order details &amp#27;[0m&amp#27;[31m&amp#27;[1m"FamilyAlbum"&amp#27;[0m&amp#27;[31m, &amp#27;[0m&amp#27;[31m&amp#27;[1m"5"&amp#27;[0m&amp#27;[31m, &amp#27;[0m&amp#27;[31m&amp#27;[1m"Kallin"&amp#27;[0m&amp#27;[31m,  &amp#27;[0m&amp#27;[31m&amp#27;[1m"2222 E Devon"&amp#27;[0m&amp#27;[31m, &amp#27;[0m&amp#27;[31m&amp#27;[1m"Chicago"&amp#27;[0m&amp#27;[31m, &amp#27;[0m&amp#27;[31m&amp#27;[1m"Arizona"&amp#27;[0m&amp#27;[31m,&amp#27;[0m&amp#27;[31m&amp#27;[1m"50456"&amp#27;[0m&amp#27;[31m, &amp#27;[0m&amp#27;[31m&amp#27;[1m"MasterCard"&amp#27;[0m&amp#27;[31m, &amp#27;[0m&amp#27;[31m&amp#27;[1m"3333222211114444"&amp#27;[0m&amp#27;[31m, &amp#27;[0m&amp#27;[31m&amp#27;[1m"05/27"&amp#27;[0m &amp#27;[90m# StepDefinitions.com.weborder.NewOrderSteps.the_user_validate_new_order_details(java.lang.String,java.lang.String,java.lang.String,java.lang.String,java.lang.String,java.lang.String,java.lang.String,java.lang.String,java.lang.String,java.lang.String)&amp#27;[0m
      &amp#27;[31morg.junit.ComparisonFailure: expected:<06/1[7]/2020> but was:<06/1[8]/2020>
	at org.junit.Assert.assertEquals(Assert.java:117)
	at org.junit.Assert.assertEquals(Assert.java:146)
	at StepDefinitions.com.weborder.NewOrderSteps.the_user_validate_new_order_details(NewOrderSteps.java:91)
	at ?.the user validate new order details "FamilyAlbum", "5", "Kallin",  "2222 E Devon", "Chicago", "Arizona","50456", "MasterCard", "3333222211114444", "05/27"(file:///C:/Users/12242/IdeaProjects/CucumberBatch4/src/test/resources/com.WebOrder/NewOrderOutline.feature:11)
&amp#27;[0m
After Step Annotation
This one will run after each scenario
failed
]]></system-out>
  </testcase>
  <testcase name="New Order Validation" classname="Validation of New Order using Scenario Outline" time="2.621">
    <failure message="expected:&lt;06/1[7]/2020&gt; but was:&lt;06/1[8]/2020&gt;" type="org.junit.ComparisonFailure"><![CDATA[org.junit.ComparisonFailure: expected:<06/1[7]/2020> but was:<06/1[8]/2020>
]]></failure>
    <system-out><![CDATA[
Scenario Outline: New Order Validation                                                                                                                                &amp#27;[90m# src/test/resources/com.WebOrder/NewOrderOutline.feature:17&amp#27;[0m
Login Page Step Class
This one will run before each scenario
New Order Validation
Before Step Annotation
  &amp#27;[32mGiven &amp#27;[0m&amp#27;[32mthe demoUser enters username &amp#27;[0m&amp#27;[32m&amp#27;[1m"Tester"&amp#27;[0m                                                                                                                         &amp#27;[90m# StepDefinitions.com.weborder.LoginPageSteps.the_demoUser_enters_username(java.lang.String)&amp#27;[0m
After Step Annotation
Before Step Annotation
  &amp#27;[32mWhen &amp#27;[0m&amp#27;[32mthe demoUser enters password &amp#27;[0m&amp#27;[32m&amp#27;[1m"test"&amp#27;[0m                                                                                                                            &amp#27;[90m# StepDefinitions.com.weborder.LoginPageSteps.the_demoUser_enters_password(java.lang.String)&amp#27;[0m
After Step Annotation
Before Step Annotation
  &amp#27;[32mThen &amp#27;[0m&amp#27;[32mthe demoUser clicks the login Button&amp#27;[0m                                                                                                                           &amp#27;[90m# StepDefinitions.com.weborder.LoginPageSteps.the_demoUser_clicks_the_login_Button()&amp#27;[0m
After Step Annotation
Before Step Annotation
  &amp#27;[32mThen &amp#27;[0m&amp#27;[32mthe user enters product info &amp#27;[0m&amp#27;[32m&amp#27;[1m"ScreenSaver"&amp#27;[0m&amp#27;[32m and &amp#27;[0m&amp#27;[32m&amp#27;[1m"3"&amp#27;[0m                                                                                                             &amp#27;[90m# StepDefinitions.com.weborder.NewOrderSteps.the_user_enters_product_info_and(java.lang.String,java.lang.String)&amp#27;[0m
After Step Annotation
Before Step Annotation
  &amp#27;[32mAnd &amp#27;[0m&amp#27;[32mthe user enter address info &amp#27;[0m&amp#27;[32m&amp#27;[1m"Jessica"&amp#27;[0m&amp#27;[32m, &amp#27;[0m&amp#27;[32m&amp#27;[1m"3445 E Levon"&amp#27;[0m&amp#27;[32m, &amp#27;[0m&amp#27;[32m&amp#27;[1m"Winterfall"&amp#27;[0m&amp#27;[32m, &amp#27;[0m&amp#27;[32m&amp#27;[1m"LA"&amp#27;[0m&amp#27;[32m,&amp#27;[0m&amp#27;[32m&amp#27;[1m"67088"&amp#27;[0m                                                                               &amp#27;[90m# StepDefinitions.com.weborder.NewOrderSteps.the_user_enter_address_info(java.lang.String,java.lang.String,java.lang.String,java.lang.String,java.lang.String)&amp#27;[0m
After Step Annotation
Before Step Annotation
  &amp#27;[32m* &amp#27;[0m&amp#27;[32mthe user enters payment info &amp#27;[0m&amp#27;[32m&amp#27;[1m"American Express"&amp#27;[0m&amp#27;[32m, &amp#27;[0m&amp#27;[32m&amp#27;[1m"1111333322224444"&amp#27;[0m&amp#27;[32m, &amp#27;[0m&amp#27;[32m&amp#27;[1m"02/23"&amp#27;[0m                                                                                      &amp#27;[90m# StepDefinitions.com.weborder.NewOrderSteps.the_user_enters_payment_info(java.lang.String,java.lang.String,java.lang.String)&amp#27;[0m
After Step Annotation
Before Step Annotation
  &amp#27;[32mThen &amp#27;[0m&amp#27;[32mthe user validate success message&amp#27;[0m                                                                                                                              &amp#27;[90m# StepDefinitions.com.weborder.NewOrderSteps.the_user_validate_success_message()&amp#27;[0m
After Step Annotation
Before Step Annotation
  &amp#27;[31mAnd &amp#27;[0m&amp#27;[31mthe user validate new order details &amp#27;[0m&amp#27;[31m&amp#27;[1m"ScreenSaver"&amp#27;[0m&amp#27;[31m, &amp#27;[0m&amp#27;[31m&amp#27;[1m"3"&amp#27;[0m&amp#27;[31m, &amp#27;[0m&amp#27;[31m&amp#27;[1m"Jessica"&amp#27;[0m&amp#27;[31m,  &amp#27;[0m&amp#27;[31m&amp#27;[1m"3445 E Levon"&amp#27;[0m&amp#27;[31m, &amp#27;[0m&amp#27;[31m&amp#27;[1m"Winterfall"&amp#27;[0m&amp#27;[31m, &amp#27;[0m&amp#27;[31m&amp#27;[1m"LA"&amp#27;[0m&amp#27;[31m,&amp#27;[0m&amp#27;[31m&amp#27;[1m"67088"&amp#27;[0m&amp#27;[31m, &amp#27;[0m&amp#27;[31m&amp#27;[1m"American Express"&amp#27;[0m&amp#27;[31m, &amp#27;[0m&amp#27;[31m&amp#27;[1m"1111333322224444"&amp#27;[0m&amp#27;[31m, &amp#27;[0m&amp#27;[31m&amp#27;[1m"02/23"&amp#27;[0m &amp#27;[90m# StepDefinitions.com.weborder.NewOrderSteps.the_user_validate_new_order_details(java.lang.String,java.lang.String,java.lang.String,java.lang.String,java.lang.String,java.lang.String,java.lang.String,java.lang.String,java.lang.String,java.lang.String)&amp#27;[0m
      &amp#27;[31morg.junit.ComparisonFailure: expected:<06/1[7]/2020> but was:<06/1[8]/2020>
	at org.junit.Assert.assertEquals(Assert.java:117)
	at org.junit.Assert.assertEquals(Assert.java:146)
	at StepDefinitions.com.weborder.NewOrderSteps.the_user_validate_new_order_details(NewOrderSteps.java:91)
	at ?.the user validate new order details "ScreenSaver", "3", "Jessica",  "3445 E Levon", "Winterfall", "LA","67088", "American Express", "1111333322224444", "02/23"(file:///C:/Users/12242/IdeaProjects/CucumberBatch4/src/test/resources/com.WebOrder/NewOrderOutline.feature:11)
&amp#27;[0m
After Step Annotation
This one will run after each scenario
failed
]]></system-out>
  </testcase>
  <testcase name="Validation of All products" classname=": All Products" time="0.865"/>
</testsuite>